<?xml version="1.0" encoding="UTF-8"?>
<coverage generated="1774023025765" clover="3.2.0">
  <project timestamp="1774023025765" name="All files">
    <metrics statements="8" coveredstatements="8" conditionals="2" coveredconditionals="2" methods="5" coveredmethods="5" elements="15" coveredelements="15" complexity="0" loc="8" ncloc="8" packages="1" files="1" classes="1"/>
    <file name="mathUtils.js" path="C:\T6_Pipeline\src\mathUtils.js">
      <metrics statements="8" coveredstatements="8" conditionals="2" coveredconditionals="2" methods="5" coveredmethods="5"/>
      <line num="8" count="2" type="stmt"/>
      <line num="18" count="2" type="stmt"/>
      <line num="28" count="2" type="stmt"/>
      <line num="39" count="3" type="cond" truecount="2" falsecount="0"/>
      <line num="40" count="1" type="stmt"/>
      <line num="42" count="2" type="stmt"/>
      <line num="51" count="2" type="stmt"/>
      <line num="54" count="1" type="stmt"/>
    </file>
  </project>
</coverage>
