{"C:\\T6_Pipeline\\src\\mathUtils.js": {"path":"C:\\T6_Pipeline\\src\\mathUtils.js","statementMap":{"0":{"start":{"line":8,"column":2},"end":{"line":8,"column":15}},"1":{"start":{"line":18,"column":2},"end":{"line":18,"column":15}},"2":{"start":{"line":28,"column":2},"end":{"line":28,"column":15}},"3":{"start":{"line":39,"column":2},"end":{"line":41,"column":3}},"4":{"start":{"line":40,"column":4},"end":{"line":40,"column":54}},"5":{"start":{"line":42,"column":2},"end":{"line":42,"column":15}},"6":{"start":{"line":51,"column":2},"end":{"line":51,"column":15}},"7":{"start":{"line":54,"column":0},"end":{"line":54,"column":61}}},"fnMap":{"0":{"name":"add","decl":{"start":{"line":7,"column":9},"end":{"line":7,"column":12}},"loc":{"start":{"line":7,"column":19},"end":{"line":9,"column":1}},"line":7},"1":{"name":"subtract","decl":{"start":{"line":17,"column":9},"end":{"line":17,"column":17}},"loc":{"start":{"line":17,"column":24},"end":{"line":19,"column":1}},"line":17},"2":{"name":"multiply","decl":{"start":{"line":27,"column":9},"end":{"line":27,"column":17}},"loc":{"start":{"line":27,"column":24},"end":{"line":29,"column":1}},"line":27},"3":{"name":"divide","decl":{"start":{"line":38,"column":9},"end":{"line":38,"column":15}},"loc":{"start":{"line":38,"column":22},"end":{"line":43,"column":1}},"line":38},"4":{"name":"square","decl":{"start":{"line":50,"column":9},"end":{"line":50,"column":15}},"loc":{"start":{"line":50,"column":19},"end":{"line":52,"column":1}},"line":50}},"branchMap":{"0":{"loc":{"start":{"line":39,"column":2},"end":{"line":41,"column":3}},"type":"if","locations":[{"start":{"line":39,"column":2},"end":{"line":41,"column":3}},{"start":{},"end":{}}],"line":39}},"s":{"0":2,"1":2,"2":2,"3":3,"4":1,"5":2,"6":2,"7":1},"f":{"0":2,"1":2,"2":2,"3":3,"4":2},"b":{"0":[1,2]},"_coverageSchema":"1a1c01bbd47fc00a2c39e90264f33305004495a9","hash":"ce0602d26f6c5bced0e1f4fbd88223bfb472d8d3"}
}
